\BOOKMARK [1][-]{section.1}{\376\377\000I\000n\000t\000r\000o\000d\000u\000c\000t\000i\000o\000n}{}% 1
\BOOKMARK [2][-]{subsection.1.1}{\376\377\000M\000o\000t\000i\000v\000a\000t\000i\000o\000n}{section.1}% 2
\BOOKMARK [2][-]{subsection.1.2}{\376\377\000D\000e\000s\000i\000g\000n\000\040\000P\000r\000i\000n\000c\000i\000p\000l\000e\000s}{section.1}% 3
\BOOKMARK [2][-]{subsection.1.3}{\376\377\000C\000o\000m\000p\000a\000r\000i\000s\000o\000n\000\040\000w\000i\000t\000h\000\040\000E\000x\000i\000s\000t\000i\000n\000g\000\040\000A\000p\000p\000r\000o\000a\000c\000h\000e\000s}{section.1}% 4
\BOOKMARK [1][-]{section.2}{\376\377\000G\000e\000t\000t\000i\000n\000g\000\040\000S\000t\000a\000r\000t\000e\000d}{}% 5
\BOOKMARK [2][-]{subsection.2.1}{\376\377\000I\000n\000s\000t\000a\000l\000l\000a\000t\000i\000o\000n}{section.2}% 6
\BOOKMARK [2][-]{subsection.2.2}{\376\377\000Y\000o\000u\000r\000\040\000F\000i\000r\000s\000t\000\040\000Q\000u\000e\000r\000y}{section.2}% 7
\BOOKMARK [2][-]{subsection.2.3}{\376\377\000U\000n\000d\000e\000r\000s\000t\000a\000n\000d\000i\000n\000g\000\040\000t\000h\000e\000\040\000S\000t\000r\000u\000c\000t\000u\000r\000e}{section.2}% 8
\BOOKMARK [1][-]{section.3}{\376\377\000L\000a\000n\000g\000u\000a\000g\000e\000\040\000S\000y\000n\000t\000a\000x}{}% 9
\BOOKMARK [2][-]{subsection.3.1}{\376\377\000B\000a\000s\000i\000c\000\040\000S\000t\000r\000u\000c\000t\000u\000r\000e}{section.3}% 10
\BOOKMARK [2][-]{subsection.3.2}{\376\377\000C\000o\000r\000e\000\040\000D\000i\000r\000e\000c\000t\000i\000v\000e\000s}{section.3}% 11
\BOOKMARK [3][-]{subsubsection.3.2.1}{\376\377\000B\000a\000s\000i\000c\000\040\000E\000x\000t\000r\000a\000c\000t\000i\000o\000n}{subsection.3.2}% 12
\BOOKMARK [3][-]{subsubsection.3.2.2}{\376\377\000O\000u\000t\000p\000u\000t\000\040\000F\000o\000r\000m\000a\000t\000\040\000D\000i\000r\000e\000c\000t\000i\000v\000e\000s}{subsection.3.2}% 13
\BOOKMARK [3][-]{subsubsection.3.2.3}{\376\377\000L\000L\000M\000\040\000T\000r\000a\000i\000n\000i\000n\000g\000\040\000F\000o\000r\000m\000a\000t}{subsection.3.2}% 14
\BOOKMARK [3][-]{subsubsection.3.2.4}{\376\377\000N\000a\000v\000i\000g\000a\000t\000i\000o\000n\000\040\000a\000n\000d\000\040\000F\000o\000l\000l\000o\000w\000i\000n\000g\000\040\000L\000i\000n\000k\000s}{subsection.3.2}% 15
\BOOKMARK [3][-]{subsubsection.3.2.5}{\376\377\000N\000e\000s\000t\000e\000d\000\040\000S\000t\000e\000p\000\040\000D\000e\000f\000i\000n\000i\000t\000i\000o\000n\000s}{subsection.3.2}% 16
\BOOKMARK [2][-]{subsection.3.3}{\376\377\000X\000P\000a\000t\000h\000\040\000S\000e\000l\000e\000c\000t\000o\000r\000s}{section.3}% 17
\BOOKMARK [1][-]{section.4}{\376\377\000A\000d\000v\000a\000n\000c\000e\000d\000\040\000F\000e\000a\000t\000u\000r\000e\000s}{}% 18
\BOOKMARK [2][-]{subsection.4.1}{\376\377\000O\000u\000t\000p\000u\000t\000\040\000F\000o\000r\000m\000a\000t\000t\000i\000n\000g\000\040\000f\000o\000r\000\040\000L\000L\000M\000\040\000T\000r\000a\000i\000n\000i\000n\000g}{section.4}% 19
\BOOKMARK [2][-]{subsection.4.2}{\376\377\000M\000u\000l\000t\000i\000-\000P\000a\000g\000e\000\040\000N\000a\000v\000i\000g\000a\000t\000i\000o\000n}{section.4}% 20
\BOOKMARK [2][-]{subsection.4.3}{\376\377\000M\000u\000l\000t\000i\000-\000m\000o\000d\000a\000l\000\040\000E\000x\000t\000r\000a\000c\000t\000i\000o\000n}{section.4}% 21
\BOOKMARK [2][-]{subsection.4.4}{\376\377\000A\000I\000-\000P\000o\000w\000e\000r\000e\000d\000\040\000E\000x\000t\000r\000a\000c\000t\000i\000o\000n}{section.4}% 22
\BOOKMARK [1][-]{section.5}{\376\377\000P\000l\000u\000g\000i\000n\000\040\000S\000y\000s\000t\000e\000m}{}% 23
\BOOKMARK [2][-]{subsection.5.1}{\376\377\000B\000u\000i\000l\000t\000-\000i\000n\000\040\000P\000l\000u\000g\000i\000n\000s}{section.5}% 24
\BOOKMARK [2][-]{subsection.5.2}{\376\377\000U\000s\000i\000n\000g\000\040\000P\000l\000u\000g\000i\000n\000s\000\040\000i\000n\000\040\000Q\000u\000e\000r\000i\000e\000s}{section.5}% 25
\BOOKMARK [2][-]{subsection.5.3}{\376\377\000C\000r\000e\000a\000t\000i\000n\000g\000\040\000C\000u\000s\000t\000o\000m\000\040\000P\000l\000u\000g\000i\000n\000s}{section.5}% 26
\BOOKMARK [1][-]{section.6}{\376\377\000Q\000u\000e\000r\000y\000\040\000P\000a\000t\000t\000e\000r\000n\000s}{}% 27
\BOOKMARK [2][-]{subsection.6.1}{\376\377\000E\000-\000c\000o\000m\000m\000e\000r\000c\000e\000\040\000P\000r\000o\000d\000u\000c\000t\000\040\000E\000x\000t\000r\000a\000c\000t\000i\000o\000n}{section.6}% 28
\BOOKMARK [2][-]{subsection.6.2}{\376\377\000N\000e\000w\000s\000\040\000A\000r\000t\000i\000c\000l\000e\000\040\000E\000x\000t\000r\000a\000c\000t\000i\000o\000n}{section.6}% 29
\BOOKMARK [2][-]{subsection.6.3}{\376\377\000F\000o\000r\000m\000\040\000I\000n\000t\000e\000r\000a\000c\000t\000i\000o\000n\000\040\000a\000n\000d\000\040\000S\000e\000a\000r\000c\000h}{section.6}% 30
\BOOKMARK [1][-]{section.7}{\376\377\000E\000r\000r\000o\000r\000\040\000H\000a\000n\000d\000l\000i\000n\000g\000\040\000a\000n\000d\000\040\000D\000e\000b\000u\000g\000g\000i\000n\000g}{}% 31
\BOOKMARK [2][-]{subsection.7.1}{\376\377\000E\000r\000r\000o\000r\000\040\000H\000a\000n\000d\000l\000i\000n\000g\000\040\000S\000t\000r\000a\000t\000e\000g\000i\000e\000s}{section.7}% 32
\BOOKMARK [2][-]{subsection.7.2}{\376\377\000D\000e\000b\000u\000g\000g\000i\000n\000g\000\040\000Q\000u\000e\000r\000i\000e\000s}{section.7}% 33
\BOOKMARK [2][-]{subsection.7.3}{\376\377\000C\000o\000m\000m\000o\000n\000\040\000I\000s\000s\000u\000e\000s\000\040\000a\000n\000d\000\040\000S\000o\000l\000u\000t\000i\000o\000n\000s}{section.7}% 34
\BOOKMARK [1][-]{section.8}{\376\377\000P\000e\000r\000f\000o\000r\000m\000a\000n\000c\000e\000\040\000O\000p\000t\000i\000m\000i\000z\000a\000t\000i\000o\000n}{}% 35
\BOOKMARK [2][-]{subsection.8.1}{\376\377\000P\000a\000r\000a\000l\000l\000e\000l\000\040\000E\000x\000t\000r\000a\000c\000t\000i\000o\000n}{section.8}% 36
\BOOKMARK [2][-]{subsection.8.2}{\376\377\000C\000a\000c\000h\000i\000n\000g}{section.8}% 37
\BOOKMARK [2][-]{subsection.8.3}{\376\377\000S\000e\000l\000e\000c\000t\000i\000v\000e\000\040\000E\000x\000t\000r\000a\000c\000t\000i\000o\000n}{section.8}% 38
\BOOKMARK [1][-]{section.9}{\376\377\000I\000n\000t\000e\000g\000r\000a\000t\000i\000o\000n}{}% 39
\BOOKMARK [2][-]{subsection.9.1}{\376\377\000P\000y\000t\000h\000o\000n\000\040\000I\000n\000t\000e\000g\000r\000a\000t\000i\000o\000n}{section.9}% 40
\BOOKMARK [2][-]{subsection.9.2}{\376\377\000R\000E\000S\000T\000\040\000A\000P\000I}{section.9}% 41
\BOOKMARK [2][-]{subsection.9.3}{\376\377\000S\000c\000h\000e\000d\000u\000l\000i\000n\000g\000\040\000a\000n\000d\000\040\000A\000u\000t\000o\000m\000a\000t\000i\000o\000n}{section.9}% 42
\BOOKMARK [1][-]{section.10}{\376\377\000B\000e\000s\000t\000\040\000P\000r\000a\000c\000t\000i\000c\000e\000s}{}% 43
\BOOKMARK [2][-]{subsection.10.1}{\376\377\000Q\000u\000e\000r\000y\000\040\000D\000e\000s\000i\000g\000n}{section.10}% 44
\BOOKMARK [2][-]{subsection.10.2}{\376\377\000R\000e\000l\000i\000a\000b\000i\000l\000i\000t\000y}{section.10}% 45
\BOOKMARK [2][-]{subsection.10.3}{\376\377\000E\000t\000h\000i\000c\000s\000\040\000a\000n\000d\000\040\000C\000o\000m\000p\000l\000i\000a\000n\000c\000e}{section.10}% 46
\BOOKMARK [1][-]{section.11}{\376\377\000C\000a\000s\000e\000\040\000S\000t\000u\000d\000i\000e\000s}{}% 47
\BOOKMARK [2][-]{subsection.11.1}{\376\377\000A\000c\000a\000d\000e\000m\000i\000c\000\040\000R\000e\000s\000e\000a\000r\000c\000h\000:\000\040\000C\000i\000t\000a\000t\000i\000o\000n\000\040\000N\000e\000t\000w\000o\000r\000k\000\040\000A\000n\000a\000l\000y\000s\000i\000s}{section.11}% 48
\BOOKMARK [2][-]{subsection.11.2}{\376\377\000R\000e\000a\000l\000\040\000E\000s\000t\000a\000t\000e\000\040\000M\000a\000r\000k\000e\000t\000\040\000A\000n\000a\000l\000y\000s\000i\000s}{section.11}% 49
\BOOKMARK [1][-]{section.12}{\376\377\000C\000o\000n\000c\000l\000u\000s\000i\000o\000n}{}% 50
\BOOKMARK [2][-]{subsection.12.1}{\376\377\000F\000u\000t\000u\000r\000e\000\040\000D\000i\000r\000e\000c\000t\000i\000o\000n\000s}{section.12}% 51
\BOOKMARK [2][-]{subsection.12.2}{\376\377\000C\000o\000m\000m\000u\000n\000i\000t\000y\000\040\000a\000n\000d\000\040\000R\000e\000s\000o\000u\000r\000c\000e\000s}{section.12}% 52
\BOOKMARK [1][-]{appendix.A}{\376\377\000A\000p\000p\000e\000n\000d\000i\000x\000\040\000A\000:\000\040\000C\000o\000m\000p\000l\000e\000t\000e\000\040\000L\000a\000n\000g\000u\000a\000g\000e\000\040\000R\000e\000f\000e\000r\000e\000n\000c\000e}{}% 53
\BOOKMARK [2][-]{subsection.A.1}{\376\377\000Q\000u\000e\000r\000y\000\040\000S\000t\000r\000u\000c\000t\000u\000r\000e}{appendix.A}% 54
\BOOKMARK [2][-]{subsection.A.2}{\376\377\000S\000t\000e\000p\000\040\000T\000y\000p\000e\000s\000\040\000R\000e\000f\000e\000r\000e\000n\000c\000e}{appendix.A}% 55
\BOOKMARK [1][-]{appendix.B}{\376\377\000A\000p\000p\000e\000n\000d\000i\000x\000\040\000B\000:\000\040\000S\000e\000l\000e\000c\000t\000o\000r\000\040\000R\000e\000f\000e\000r\000e\000n\000c\000e}{}% 56
\BOOKMARK [1][-]{appendix.C}{\376\377\000A\000p\000p\000e\000n\000d\000i\000x\000\040\000C\000:\000\040\000P\000l\000u\000g\000i\000n\000\040\000A\000P\000I}{}% 57
